0 info it worked if it ends with ok
1 verbose cli [ '/home/joungmin/.nvm/versions/node/v0.12.11/bin/node',
1 verbose cli   '/home/joungmin/.nvm/versions/node/v0.12.11/bin/npm',
1 verbose cli   'start' ]
2 info using npm@2.14.9
3 info using node@v0.12.11
4 verbose run-script [ 'prestart', 'start', 'poststart' ]
5 info prestart memo_web@0.0.0
6 info start memo_web@0.0.0
7 verbose unsafe-perm in lifecycle true
8 info memo_web@0.0.0 Failed to exec start script
9 verbose stack Error: memo_web@0.0.0 start: `node ./bin/www`
9 verbose stack Exit status 1
9 verbose stack     at EventEmitter.<anonymous> (/home/joungmin/.nvm/versions/node/v0.12.11/lib/node_modules/npm/lib/utils/lifecycle.js:214:16)
9 verbose stack     at EventEmitter.emit (events.js:110:17)
9 verbose stack     at ChildProcess.<anonymous> (/home/joungmin/.nvm/versions/node/v0.12.11/lib/node_modules/npm/lib/utils/spawn.js:24:14)
9 verbose stack     at ChildProcess.emit (events.js:110:17)
9 verbose stack     at maybeClose (child_process.js:1019:16)
9 verbose stack     at Process.ChildProcess._handle.onexit (child_process.js:1091:5)
10 verbose pkgid memo_web@0.0.0
11 verbose cwd /media/slot_2/data/nodejs/memo_web
12 error Linux 2.6.32-573.22.1.el6.i686
13 error argv "/home/joungmin/.nvm/versions/node/v0.12.11/bin/node" "/home/joungmin/.nvm/versions/node/v0.12.11/bin/npm" "start"
14 error node v0.12.11
15 error npm  v2.14.9
16 error code ELIFECYCLE
17 error memo_web@0.0.0 start: `node ./bin/www`
17 error Exit status 1
18 error Failed at the memo_web@0.0.0 start script 'node ./bin/www'.
18 error This is most likely a problem with the memo_web package,
18 error not with npm itself.
18 error Tell the author that this fails on your system:
18 error     node ./bin/www
18 error You can get their info via:
18 error     npm owner ls memo_web
18 error There is likely additional logging output above.
19 verbose exit [ 1, true ]
